C:\>appium
[Appium] Welcome to Appium v1.5.3
[Appium] Appium REST http interface listener started on 0.0.0.0:4723
[HTTP] --> POST /wd/hub/session {"requiredCapabilities":{},"desiredCapabilities":{"deviceName":"0710ad7b00f456bb","unico
deKeyboard":"True","app":"D:/ApiDemos-debug.apk","newCommandTimeout":3600,"adbPort":55037,"resetKeyboard":"True","platfo
rmVersion":"4.4.4","platformName":"Android"}}
[MJSONWP] Calling AppiumDriver.createSession() with args: [{"deviceName":"0710ad7b00f...
[Appium] Creating new AndroidDriver session
[Appium] Capabilities:
[Appium]   deviceName: '0710ad7b00f456bb'
[Appium]   unicodeKeyboard: 'True'
[Appium]   app: 'D:/ApiDemos-debug.apk'
[Appium]   newCommandTimeout: 3600
[Appium]   adbPort: 55037
[Appium]   resetKeyboard: 'True'
[Appium]   platformVersion: '4.4.4'
[Appium]   platformName: 'Android'
[BaseDriver] Capability 'unicodeKeyboard' changed from string to boolean. This may cause unexpected behavior
[BaseDriver] Capability 'resetKeyboard' changed from string to boolean. This may cause unexpected behavior
[BaseDriver] Session created with session id: 5520b9f2-37d1-45c8-bd5f-f1271e9ec3fb
[debug] [AndroidDriver] Getting Java version
[AndroidDriver] Java version is: 1.8.0_101
[ADB] Checking whether adb is present
[ADB] Using adb.exe from D:\Android\sdk\platform-tools\adb.exe
[AndroidDriver] Retrieving device list
[debug] [ADB] Trying to find a connected android device
[debug] [ADB] Getting connected devices...
[debug] [ADB] 1 device(s) connected
[AndroidDriver] Looking for a device with Android '4.4.4'
[debug] [ADB] Setting device id to 0710ad7b00f456bb
[ADB] Getting device platform version
[debug] [ADB] Getting connected devices...
[debug] [ADB] 1 device(s) connected
[debug] [ADB] Running 'D:\Android\sdk\platform-tools\adb.exe' with args: ["-P",55037,"-s","0710ad7b00f456bb","shell","ge
tprop","ro.build.version.release"]
[AndroidDriver] Using device: 0710ad7b00f456bb
[ADB] Checking whether adb is present
[ADB] Using adb.exe from D:\Android\sdk\platform-tools\adb.exe
[debug] [ADB] Setting device id to 0710ad7b00f456bb
[BaseDriver] Using local app 'D:/ApiDemos-debug.apk'
[debug] [AndroidDriver] Checking whether app is actually present
[AndroidDriver] Starting Android session
[debug] [ADB] Running 'D:\Android\sdk\platform-tools\adb.exe' with args: ["-P",55037,"-s","0710ad7b00f456bb","wait-for-d
evice"]
[debug] [ADB] Getting connected devices...
[debug] [ADB] 1 device(s) connected
[debug] [ADB] Running 'D:\Android\sdk\platform-tools\adb.exe' with args: ["-P",55037,"-s","0710ad7b00f456bb","shell","ec
ho","ping"]
[debug] [Logcat] Starting logcat capture
[debug] [AndroidDriver] Enabling Unicode keyboard support
[debug] [AndroidDriver] Pushing unicode ime to device...
[debug] [ADB] Running 'D:\Android\sdk\platform-tools\adb.exe' with args: ["-P",55037,"-s","0710ad7b00f456bb","install","
C:\\Users\\c00334966\\AppData\\Roaming\\npm\\node_modules\\.appium_npminstall\\node_modules\\.2.0.0@appium-android-ime\\
bin\\UnicodeIME-debug.apk"]
[debug] [ADB] Getting connected devices...
[debug] [ADB] 1 device(s) connected
[debug] [ADB] Running 'D:\Android\sdk\platform-tools\adb.exe' with args: ["-P",55037,"-s","0710ad7b00f456bb","shell","se
ttings","get","secure","default_input_method"]
[debug] [AndroidDriver] Unsetting previous IME io.appium.android.ime/.UnicodeIME
[debug] [AndroidDriver] Setting IME to 'io.appium.android.ime/.UnicodeIME'
[debug] [ADB] Getting connected devices...
[debug] [ADB] 1 device(s) connected
[debug] [ADB] Running 'D:\Android\sdk\platform-tools\adb.exe' with args: ["-P",55037,"-s","0710ad7b00f456bb","shell","im
e","enable","io.appium.android.ime/.UnicodeIME"]
[debug] [ADB] Getting connected devices...
[debug] [ADB] 1 device(s) connected
[debug] [ADB] Running 'D:\Android\sdk\platform-tools\adb.exe' with args: ["-P",55037,"-s","0710ad7b00f456bb","shell","im
e","set","io.appium.android.ime/.UnicodeIME"]
[debug] [AndroidDriver] Pushing settings apk to device...
[debug] [ADB] Running 'D:\Android\sdk\platform-tools\adb.exe' with args: ["-P",55037,"-s","0710ad7b00f456bb","install","
C:\\Users\\c00334966\\AppData\\Roaming\\npm\\node_modules\\.appium_npminstall\\node_modules\\.2.1.0@io.appium.settings\\
bin\\settings_apk-debug.apk"]
[debug] [AndroidDriver] Pushing unlock helper app to device...
[debug] [ADB] Running 'D:\Android\sdk\platform-tools\adb.exe' with args: ["-P",55037,"-s","0710ad7b00f456bb","install","
C:\\Users\\c00334966\\AppData\\Roaming\\npm\\node_modules\\.appium_npminstall\\node_modules\\.0.1.1@appium-unlock\\bin\\
unlock_apk-debug.apk"]
[ADB] Getting device platform version
[debug] [ADB] Getting connected devices...
[debug] [ADB] 1 device(s) connected
[debug] [ADB] Running 'D:\Android\sdk\platform-tools\adb.exe' with args: ["-P",55037,"-s","0710ad7b00f456bb","shell","ge
tprop","ro.build.version.release"]
[debug] [ADB] Getting connected devices...
[debug] [ADB] 1 device(s) connected
[debug] [ADB] Running 'D:\Android\sdk\platform-tools\adb.exe' with args: ["-P",55037,"-s","0710ad7b00f456bb","shell","du
mpsys","window"]
[AndroidDriver] Screen already unlocked, doing nothing
[debug] [AndroidDriver] Parsing package and activity from app manifest
[ADB] Checking whether aapt is present
[ADB] Using aapt.exe from D:\Android\sdk\build-tools\23.0.3\aapt.exe
[ADB] Extracting package and launch activity from manifest
[debug] [ADB] badging package: io.appium.android.apis
[debug] [ADB] badging act: io.appium.android.apis.ApiDemos
[debug] [AndroidDriver] Parsed package and activity are: io.appium.android.apis/io.appium.android.apis.ApiDemos
[AndroidDriver] Remote apk path is /data/local/tmp/c28d8ee4c12b2af6fc6578b44465ead1.apk
[debug] [ADB] Getting connected devices...
[debug] [ADB] 1 device(s) connected
[debug] [ADB] Running 'D:\Android\sdk\platform-tools\adb.exe' with args: ["-P",55037,"-s","0710ad7b00f456bb","shell","ls
","/data/local/tmp/c28d8ee4c12b2af6fc6578b44465ead1.apk"]
[debug] [AndroidDriver] Checking if app is installed
[debug] [ADB] Getting install status for io.appium.android.apis
[debug] [ADB] Getting connected devices...
[debug] [ADB] 1 device(s) connected
[debug] [ADB] Running 'D:\Android\sdk\platform-tools\adb.exe' with args: ["-P",55037,"-s","0710ad7b00f456bb","shell","ge
tprop","ro.build.version.sdk"]
[debug] [ADB] Device API level: 19
[debug] [ADB] Getting connected devices...
[debug] [ADB] 1 device(s) connected
[debug] [ADB] Running 'D:\Android\sdk\platform-tools\adb.exe' with args: ["-P",55037,"-s","0710ad7b00f456bb","shell","pm
","list","packages","-3","io.appium.android.apis"]
[debug] [ADB] App is  installed
[AndroidDriver] Apk is already on remote and installed, resetting
[debug] [AndroidDriver] Running fast reset (stop and clear)
[debug] [ADB] Getting connected devices...
[debug] [ADB] 1 device(s) connected
[debug] [ADB] Running 'D:\Android\sdk\platform-tools\adb.exe' with args: ["-P",55037,"-s","0710ad7b00f456bb","shell","am
","force-stop","io.appium.android.apis"]
[debug] [ADB] Getting connected devices...
[debug] [ADB] 1 device(s) connected
[debug] [ADB] Running 'D:\Android\sdk\platform-tools\adb.exe' with args: ["-P",55037,"-s","0710ad7b00f456bb","shell","pm
","clear","io.appium.android.apis"]
[debug] [AndroidDriver] Extracting strings from apk D:/ApiDemos-debug.apk null C:\Users\c00334966\AppData\Local\Temp\io.
appium.android.apis
[debug] [ADB] Extracting strings for language: default
[debug] [ADB] Device API level: 19
[debug] [ADB] Getting connected devices...
[debug] [ADB] 1 device(s) connected
[debug] [ADB] Running 'D:\Android\sdk\platform-tools\adb.exe' with args: ["-P",55037,"-s","0710ad7b00f456bb","shell","ge
tprop","persist.sys.language"]
[debug] [ADB] Current device property 'persist.sys.language': zh
[debug] [ADB] No strings.xml for language 'zh', getting default strings.xml
[debug] [ADB] Reading strings from converted strings.json
[debug] [ADB] Running 'D:\Android\sdk\platform-tools\adb.exe' with args: ["-P",55037,"-s","0710ad7b00f456bb","push","C:\
\Users\\c00334966\\AppData\\Local\\Temp\\io.appium.android.apis\\strings.json","/data/local/tmp"]
[debug] [AndroidBootstrap] Watching for bootstrap disconnect
[debug] [ADB] Forwarding system: 4724 to device: 4724
[debug] [ADB] Running 'D:\Android\sdk\platform-tools\adb.exe' with args: ["-P",55037,"-s","0710ad7b00f456bb","forward","
tcp:4724","tcp:4724"]
[debug] [UiAutomator] Starting UiAutomator
[debug] [UiAutomator] Moving to state 'starting'
[debug] [UiAutomator] Parsing uiautomator jar
[debug] [UiAutomator] Found jar name: 'AppiumBootstrap.jar'
[debug] [ADB] Running 'D:\Android\sdk\platform-tools\adb.exe' with args: ["-P",55037,"-s","0710ad7b00f456bb","push","C:\
\Users\\c00334966\\AppData\\Roaming\\npm\\node_modules\\.appium_npminstall\\node_modules\\.2.7.5@appium-android-bootstra
p\\bootstrap\\bin\\AppiumBootstrap.jar","/data/local/tmp/"]
[debug] [ADB] Attempting to kill all uiautomator processes
[debug] [ADB] Getting all processes with uiautomator
[debug] [ADB] Getting connected devices...
[debug] [ADB] 1 device(s) connected
[debug] [ADB] Running 'D:\Android\sdk\platform-tools\adb.exe' with args: ["-P",55037,"-s","0710ad7b00f456bb","shell","ps
","uiautomator"]
[ADB] No uiautomator process found to kill, continuing...
[debug] [UiAutomator] Starting UIAutomator
[debug] [ADB] Creating ADB subprocess with args: -P, 55037, -s, 0710ad7b00f456bb, shell, uiautomator, runtest, AppiumBoo
tstrap.jar, -c, io.appium.android.bootstrap.Bootstrap, -e, pkg, io.appium.android.apis, -e, disableAndroidWatchers, fals
e, -e, acceptSslCerts, false
[debug] [UiAutomator] Moving to state 'online'
[AndroidBootstrap] Android bootstrap socket is now connected
[debug] [ADB] Device API level: 19
[debug] [ADB] Getting connected devices...
[AndroidBootstrap] [BOOTSTRAP LOG] [debug] json loading complete.
[AndroidBootstrap] [BOOTSTRAP LOG] [debug] Registered crash watchers.
[AndroidBootstrap] [BOOTSTRAP LOG] [debug] Client connected
[debug] [ADB] 1 device(s) connected
[debug] [ADB] Running 'D:\Android\sdk\platform-tools\adb.exe' with args: ["-P",55037,"-s","0710ad7b00f456bb","shell","am
","start","-W","-n","io.appium.android.apis/io.appium.android.apis.ApiDemos","-S","-a","android.intent.action.MAIN","-c"
,"android.intent.category.LAUNCHER","-f","0x10200000"]
[debug] [ADB] Waiting for pkg: 'io.appium.android.apis' and activity: 'io.appium.android.apis.ApiDemos' to be focused
[debug] [ADB] Possible activities, to be checked: io.appium.android.apis.ApiDemos, .ApiDemos, .io.appium.android.apis.Ap
iDemos
[debug] [ADB] Getting focused package and activity
[debug] [ADB] Getting connected devices...
[debug] [ADB] 1 device(s) connected
[debug] [ADB] Running 'D:\Android\sdk\platform-tools\adb.exe' with args: ["-P",55037,"-s","0710ad7b00f456bb","shell","du
mpsys","window","windows"]
[debug] [ADB] Found package: 'io.appium.android.apis' and activity: '.ApiDemos'
[Appium] New AndroidDriver session created successfully, session 5520b9f2-37d1-45c8-bd5f-f1271e9ec3fb added to master se
ssion list
[MJSONWP] Responding to client with driver.createSession() result: {"platform":"LINUX","webSto...
[HTTP] <-- POST /wd/hub/session 200 65999 ms - 887
[HTTP] --> POST /wd/hub/session/5520b9f2-37d1-45c8-bd5f-f1271e9ec3fb/touch/perform {"sessionId":"5520b9f2-37d1-45c8-bd5f
-f1271e9ec3fb","actions":[{"action":"tap","options":{"y":140,"x":800,"count":1}}]}
[MJSONWP] Calling AppiumDriver.performTouch() with args: [[{"action":"tap","options"...
[debug] [AndroidBootstrap] Sending command to android: {"cmd":"action","action":"click","params":{"x":800,"y":140}}
[AndroidBootstrap] [BOOTSTRAP LOG] [debug] Got data from client: {"cmd":"action","action":"click","params":{"x":800,"y":
140}}
[AndroidBootstrap] [BOOTSTRAP LOG] [debug] Got command of type ACTION
[AndroidBootstrap] [BOOTSTRAP LOG] [debug] Got command action: click
[AndroidBootstrap] [BOOTSTRAP LOG] [debug] Display bounds: [0,0][1080,1776]
[AndroidBootstrap] [BOOTSTRAP LOG] [debug] Returning result: {"value":true,"status":0}
[debug] [AndroidBootstrap] Received command result from bootstrap
[MJSONWP] Responding to client with driver.performTouch() result: null
[HTTP] <-- POST /wd/hub/session/5520b9f2-37d1-45c8-bd5f-f1271e9ec3fb/touch/perform 200 130 ms - 76
[HTTP] --> POST /wd/hub/session/5520b9f2-37d1-45c8-bd5f-f1271e9ec3fb/touch/perform {"sessionId":"5520b9f2-37d1-45c8-bd5f
-f1271e9ec3fb","actions":[{"action":"tap","options":{"y":140,"x":800,"count":1}}]}
[MJSONWP] Calling AppiumDriver.performTouch() with args: [[{"action":"tap","options"...
[debug] [AndroidBootstrap] Sending command to android: {"cmd":"action","action":"click","params":{"x":800,"y":140}}
[AndroidBootstrap] [BOOTSTRAP LOG] [debug] Got data from client: {"cmd":"action","action":"click","params":{"x":800,"y":
140}}
[AndroidBootstrap] [BOOTSTRAP LOG] [debug] Got command of type ACTION
[AndroidBootstrap] [BOOTSTRAP LOG] [debug] Got command action: click
[AndroidBootstrap] [BOOTSTRAP LOG] [debug] Display bounds: [0,0][1080,1776]
[AndroidBootstrap] [BOOTSTRAP LOG] [debug] Returning result: {"value":true,"status":0}
[debug] [AndroidBootstrap] Received command result from bootstrap
[MJSONWP] Responding to client with driver.performTouch() result: null
[HTTP] <-- POST /wd/hub/session/5520b9f2-37d1-45c8-bd5f-f1271e9ec3fb/touch/perform 200 126 ms - 76
[HTTP] --> POST /wd/hub/session/5520b9f2-37d1-45c8-bd5f-f1271e9ec3fb/touch/perform {"sessionId":"5520b9f2-37d1-45c8-bd5f
-f1271e9ec3fb","actions":[{"action":"tap","options":{"y":140,"x":800,"count":1}}]}
[MJSONWP] Calling AppiumDriver.performTouch() with args: [[{"action":"tap","options"...
[debug] [AndroidBootstrap] Sending command to android: {"cmd":"action","action":"click","params":{"x":800,"y":140}}
[AndroidBootstrap] [BOOTSTRAP LOG] [debug] Got data from client: {"cmd":"action","action":"click","params":{"x":800,"y":
140}}
[AndroidBootstrap] [BOOTSTRAP LOG] [debug] Got command of type ACTION
[AndroidBootstrap] [BOOTSTRAP LOG] [debug] Got command action: click
[AndroidBootstrap] [BOOTSTRAP LOG] [debug] Display bounds: [0,0][1080,1776]
[AndroidBootstrap] [BOOTSTRAP LOG] [debug] Returning result: {"value":true,"status":0}
[debug] [AndroidBootstrap] Received command result from bootstrap
[MJSONWP] Responding to client with driver.performTouch() result: null
[HTTP] <-- POST /wd/hub/session/5520b9f2-37d1-45c8-bd5f-f1271e9ec3fb/touch/perform 200 147 ms - 76
